# JRE version: OpenJDK Runtime Environment (11.0.13) (build 11.0.13+0-b1751.21-8125866)
# Java VM: OpenJDK 64-Bit Server VM (11.0.13+0-b1751.21-8125866, mixed mode, tiered, compressed oops, g1 gc, windows-amd64)
Heap:
 garbage-first heap   total 552960K, used 231786K [0x0000000080000000, 0x0000000100000000)
  region size 1024K, 6 young (6144K), 6 survivors (6144K)
 Metaspace       used 118815K, capacity 122261K, committed 123092K, reserved 1155072K
  class space    used 15256K, capacity 16628K, committed 16972K, reserved 1048576K
GC Heap History (20 events):
Event: 326.086 GC heap after
{Heap after GC invocations=23 (full 0):
 garbage-first heap   total 327680K, used 193536K [0x0000000080000000, 0x0000000100000000)
  region size 1024K, 12 young (12288K), 12 survivors (12288K)
 Metaspace       used 118686K, capacity 122442K, committed 122580K, reserved 1155072K
  class space    used 15378K, capacity 16856K, committed 16972K, reserved 1048576K
}
Event: 326.417 GC heap before
{Heap before GC invocations=23 (full 0):
 garbage-first heap   total 327680K, used 264192K [0x0000000080000000, 0x0000000100000000)
  region size 1024K, 82 young (83968K), 12 survivors (12288K)
 Metaspace       used 118996K, capacity 122764K, committed 122836K, reserved 1155072K
  class space    used 15417K, capacity 16920K, committed 16972K, reserved 1048576K
}
Event: 326.433 GC heap after
{Heap after GC invocations=24 (full 0):
 garbage-first heap   total 327680K, used 201299K [0x0000000080000000, 0x0000000100000000)
  region size 1024K, 11 young (11264K), 11 survivors (11264K)
 Metaspace       used 118996K, capacity 122764K, committed 122836K, reserved 1155072K
  class space    used 15417K, capacity 16920K, committed 16972K, reserved 1048576K
}
Event: 326.732 GC heap before
{Heap before GC invocations=25 (full 0):
 garbage-first heap   total 327680K, used 266835K [0x0000000080000000, 0x0000000100000000)
  region size 1024K, 76 young (77824K), 11 survivors (11264K)
 Metaspace       used 118572K, capacity 122029K, committed 123092K, reserved 1155072K
  class space    used 15249K, capacity 16616K, committed 16972K, reserved 1048576K
}
Event: 326.749 GC heap after
{Heap after GC invocations=26 (full 0):
 garbage-first heap   total 327680K, used 206983K [0x0000000080000000, 0x0000000100000000)
  region size 1024K, 8 young (8192K), 8 survivors (8192K)
 Metaspace       used 118572K, capacity 122029K, committed 123092K, reserved 1155072K
  class space    used 15249K, capacity 16616K, committed 16972K, reserved 1048576K
}
Event: 326.770 GC heap before
{Heap before GC invocations=26 (full 0):
 garbage-first heap   total 327680K, used 215175K [0x0000000080000000, 0x0000000100000000)
  region size 1024K, 16 young (16384K), 8 survivors (8192K)
 Metaspace       used 118572K, capacity 122029K, committed 123092K, reserved 1155072K
  class space    used 15249K, capacity 16616K, committed 16972K, reserved 1048576K
}
Event: 326.783 GC heap after
{Heap after GC invocations=27 (full 0):
 garbage-first heap   total 327680K, used 205007K [0x0000000080000000, 0x0000000100000000)
  region size 1024K, 2 young (2048K), 2 survivors (2048K)
 Metaspace       used 118572K, capacity 122029K, committed 123092K, reserved 1155072K
  class space    used 15249K, capacity 16616K, committed 16972K, reserved 1048576K
}
Event: 326.952 GC heap before
{Heap before GC invocations=27 (full 0):
 garbage-first heap   total 327680K, used 270543K [0x0000000080000000, 0x0000000100000000)
  region size 1024K, 66 young (67584K), 2 survivors (2048K)
 Metaspace       used 118593K, capacity 122035K, committed 123092K, reserved 1155072K
  class space    used 15250K, capacity 16618K, committed 16972K, reserved 1048576K
}
Event: 326.969 GC heap after
{Heap after GC invocations=28 (full 0):
 garbage-first heap   total 327680K, used 212755K [0x0000000080000000, 0x0000000100000000)
  region size 1024K, 9 young (9216K), 9 survivors (9216K)
 Metaspace       used 118593K, capacity 122035K, committed 123092K, reserved 1155072K
  class space    used 15250K, capacity 16618K, committed 16972K, reserved 1048576K
}
Event: 327.205 GC heap before
{Heap before GC invocations=28 (full 0):
 garbage-first heap   total 327680K, used 273171K [0x0000000080000000, 0x0000000100000000)
  region size 1024K, 68 young (69632K), 9 survivors (9216K)
 Metaspace       used 118786K, capacity 122233K, committed 123092K, reserved 1155072K
  class space    used 15250K, capacity 16618K, committed 16972K, reserved 1048576K
}
Event: 327.222 GC heap after
{Heap after GC invocations=29 (full 0):
 garbage-first heap   total 327680K, used 220438K [0x0000000080000000, 0x0000000100000000)
  region size 1024K, 8 young (8192K), 8 survivors (8192K)
 Metaspace       used 118786K, capacity 122233K, committed 123092K, reserved 1155072K
  class space    used 15250K, capacity 16618K, committed 16972K, reserved 1048576K
}
Event: 327.449 GC heap before
{Heap before GC invocations=29 (full 0):
 garbage-first heap   total 327680K, used 274710K [0x0000000080000000, 0x0000000100000000)
  region size 1024K, 62 young (63488K), 8 survivors (8192K)
 Metaspace       used 118787K, capacity 122233K, committed 123092K, reserved 1155072K
  class space    used 15250K, capacity 16618K, committed 16972K, reserved 1048576K
}
Event: 327.470 GC heap after
{Heap after GC invocations=30 (full 0):
 garbage-first heap   total 327680K, used 225298K [0x0000000080000000, 0x0000000100000000)
  region size 1024K, 6 young (6144K), 6 survivors (6144K)
 Metaspace       used 118787K, capacity 122233K, committed 123092K, reserved 1155072K
  class space    used 15250K, capacity 16618K, committed 16972K, reserved 1048576K
}
Event: 327.619 GC heap before
{Heap before GC invocations=30 (full 0):
 garbage-first heap   total 327680K, used 276498K [0x0000000080000000, 0x0000000100000000)
  region size 1024K, 57 young (58368K), 6 survivors (6144K)
 Metaspace       used 118801K, capacity 122250K, committed 123092K, reserved 1155072K
  class space    used 15254K, capacity 16624K, committed 16972K, reserved 1048576K
}
Event: 327.637 GC heap after
{Heap after GC invocations=31 (full 0):
 garbage-first heap   total 327680K, used 231252K [0x0000000080000000, 0x0000000100000000)
  region size 1024K, 6 young (6144K), 6 survivors (6144K)
 Metaspace       used 118801K, capacity 122250K, committed 123092K, reserved 1155072K
  class space    used 15254K, capacity 16624K, committed 16972K, reserved 1048576K
}
Event: 327.808 GC heap before
{Heap before GC invocations=32 (full 0):
 garbage-first heap   total 327680K, used 280404K [0x0000000080000000, 0x0000000100000000)
  region size 1024K, 54 young (55296K), 6 survivors (6144K)
 Metaspace       used 118806K, capacity 122253K, committed 123092K, reserved 1155072K
  class space    used 15254K, capacity 16625K, committed 16972K, reserved 1048576K
}
Event: 327.825 GC heap after
{Heap after GC invocations=33 (full 0):
 garbage-first heap   total 327680K, used 234601K [0x0000000080000000, 0x0000000100000000)
  region size 1024K, 5 young (5120K), 5 survivors (5120K)
 Metaspace       used 118806K, capacity 122253K, committed 123092K, reserved 1155072K
  class space    used 15254K, capacity 16625K, committed 16972K, reserved 1048576K
}
Event: 327.860 GC heap before
{Heap before GC invocations=33 (full 0):
 garbage-first heap   total 327680K, used 245865K [0x0000000080000000, 0x0000000100000000)
  region size 1024K, 16 young (16384K), 5 survivors (5120K)
 Metaspace       used 118806K, capacity 122253K, committed 123092K, reserved 1155072K
  class space    used 15254K, capacity 16625K, committed 16972K, reserved 1048576K
}
Event: 327.884 GC heap after
{Heap after GC invocations=34 (full 0):
 garbage-first heap   total 327680K, used 228175K [0x0000000080000000, 0x0000000100000000)
  region size 1024K, 2 young (2048K), 2 survivors (2048K)
 Metaspace       used 118806K, capacity 122253K, committed 123092K, reserved 1155072K
  class space    used 15254K, capacity 16625K, committed 16972K, reserved 1048576K
}
Event: 328.024 GC heap before
{Heap before GC invocations=34 (full 0):
 garbage-first heap   total 327680K, used 279375K [0x0000000080000000, 0x0000000100000000)
  region size 1024K, 53 young (54272K), 2 survivors (2048K)
 Metaspace       used 118815K, capacity 122261K, committed 123092K, reserved 1155072K
  class space    used 15256K, capacity 16628K, committed 16972K, reserved 1048576K
}

