# JRE version: OpenJDK Runtime Environment (11.0.13) (build 11.0.13+0-b1751.21-8125866)
# Java VM: OpenJDK 64-Bit Server VM (11.0.13+0-b1751.21-8125866, mixed mode, tiered, compressed oops, g1 gc, windows-amd64)
Heap:
 garbage-first heap   total 545792K, used 247680K [0x0000000080000000, 0x0000000100000000)
  region size 1024K, 2 young (2048K), 2 survivors (2048K)
 Metaspace       used 103930K, capacity 106717K, committed 107584K, reserved 1142784K
  class space    used 13375K, capacity 14487K, committed 14844K, reserved 1048576K
GC Heap History (20 events):
Event: 25.409 GC heap after
{Heap after GC invocations=26 (full 0):
 garbage-first heap   total 327680K, used 233108K [0x0000000080000000, 0x0000000100000000)
  region size 1024K, 5 young (5120K), 5 survivors (5120K)
 Metaspace       used 102487K, capacity 105185K, committed 106304K, reserved 1140736K
  class space    used 13300K, capacity 14401K, committed 14844K, reserved 1048576K
}
Event: 25.717 GC heap before
{Heap before GC invocations=26 (full 0):
 garbage-first heap   total 327680K, used 278164K [0x0000000080000000, 0x0000000100000000)
  region size 1024K, 49 young (50176K), 5 survivors (5120K)
 Metaspace       used 102595K, capacity 105403K, committed 106304K, reserved 1140736K
  class space    used 13310K, capacity 14410K, committed 14844K, reserved 1048576K
}
Event: 25.731 GC heap after
{Heap after GC invocations=27 (full 0):
 garbage-first heap   total 393216K, used 235248K [0x0000000080000000, 0x0000000100000000)
  region size 1024K, 5 young (5120K), 5 survivors (5120K)
 Metaspace       used 102595K, capacity 105403K, committed 106304K, reserved 1140736K
  class space    used 13310K, capacity 14410K, committed 14844K, reserved 1048576K
}
Event: 26.281 GC heap before
{Heap before GC invocations=28 (full 0):
 garbage-first heap   total 393216K, used 304880K [0x0000000080000000, 0x0000000100000000)
  region size 1024K, 73 young (74752K), 5 survivors (5120K)
 Metaspace       used 102692K, capacity 105570K, committed 106560K, reserved 1140736K
  class space    used 13320K, capacity 14443K, committed 14844K, reserved 1048576K
}
Event: 26.296 GC heap after
{Heap after GC invocations=29 (full 0):
 garbage-first heap   total 393216K, used 238162K [0x0000000080000000, 0x0000000100000000)
  region size 1024K, 8 young (8192K), 8 survivors (8192K)
 Metaspace       used 102692K, capacity 105570K, committed 106560K, reserved 1140736K
  class space    used 13320K, capacity 14443K, committed 14844K, reserved 1048576K
}
Event: 26.585 GC heap before
{Heap before GC invocations=29 (full 0):
 garbage-first heap   total 393216K, used 309842K [0x0000000080000000, 0x0000000100000000)
  region size 1024K, 78 young (79872K), 8 survivors (8192K)
 Metaspace       used 102881K, capacity 105756K, committed 106560K, reserved 1140736K
  class space    used 13346K, capacity 14463K, committed 14844K, reserved 1048576K
}
Event: 26.600 GC heap after
{Heap after GC invocations=30 (full 0):
 garbage-first heap   total 393216K, used 239646K [0x0000000080000000, 0x0000000100000000)
  region size 1024K, 5 young (5120K), 5 survivors (5120K)
 Metaspace       used 102881K, capacity 105756K, committed 106560K, reserved 1140736K
  class space    used 13346K, capacity 14463K, committed 14844K, reserved 1048576K
}
Event: 27.111 GC heap before
{Heap before GC invocations=30 (full 0):
 garbage-first heap   total 393216K, used 314398K [0x0000000080000000, 0x0000000100000000)
  region size 1024K, 78 young (79872K), 5 survivors (5120K)
 Metaspace       used 103150K, capacity 106027K, committed 106816K, reserved 1140736K
  class space    used 13349K, capacity 14465K, committed 14844K, reserved 1048576K
}
Event: 27.124 GC heap after
{Heap after GC invocations=31 (full 0):
 garbage-first heap   total 393216K, used 241419K [0x0000000080000000, 0x0000000100000000)
  region size 1024K, 7 young (7168K), 7 survivors (7168K)
 Metaspace       used 103150K, capacity 106027K, committed 106816K, reserved 1140736K
  class space    used 13349K, capacity 14465K, committed 14844K, reserved 1048576K
}
Event: 27.461 GC heap before
{Heap before GC invocations=32 (full 0):
 garbage-first heap   total 393216K, used 317195K [0x0000000080000000, 0x0000000100000000)
  region size 1024K, 82 young (83968K), 7 survivors (7168K)
 Metaspace       used 103205K, capacity 106041K, committed 106816K, reserved 1140736K
  class space    used 13350K, capacity 14468K, committed 14844K, reserved 1048576K
}
Event: 27.482 GC heap after
{Heap after GC invocations=33 (full 0):
 garbage-first heap   total 461824K, used 244013K [0x0000000080000000, 0x0000000100000000)
  region size 1024K, 8 young (8192K), 8 survivors (8192K)
 Metaspace       used 103205K, capacity 106041K, committed 106816K, reserved 1140736K
  class space    used 13350K, capacity 14468K, committed 14844K, reserved 1048576K
}
Event: 27.547 GC heap before
{Heap before GC invocations=33 (full 0):
 garbage-first heap   total 461824K, used 258349K [0x0000000080000000, 0x0000000100000000)
  region size 1024K, 22 young (22528K), 8 survivors (8192K)
 Metaspace       used 103276K, capacity 106120K, committed 107072K, reserved 1142784K
  class space    used 13353K, capacity 14473K, committed 14844K, reserved 1048576K
}
Event: 27.558 GC heap after
{Heap after GC invocations=34 (full 0):
 garbage-first heap   total 461824K, used 243379K [0x0000000080000000, 0x0000000100000000)
  region size 1024K, 2 young (2048K), 2 survivors (2048K)
 Metaspace       used 103276K, capacity 106120K, committed 107072K, reserved 1142784K
  class space    used 13353K, capacity 14473K, committed 14844K, reserved 1048576K
}
Event: 27.898 GC heap before
{Heap before GC invocations=34 (full 0):
 garbage-first heap   total 461824K, used 350899K [0x0000000080000000, 0x0000000100000000)
  region size 1024K, 108 young (110592K), 2 survivors (2048K)
 Metaspace       used 103647K, capacity 106494K, committed 107328K, reserved 1142784K
  class space    used 13375K, capacity 14487K, committed 14844K, reserved 1048576K
}
Event: 27.919 GC heap after
{Heap after GC invocations=35 (full 0):
 garbage-first heap   total 461824K, used 247845K [0x0000000080000000, 0x0000000100000000)
  region size 1024K, 6 young (6144K), 6 survivors (6144K)
 Metaspace       used 103647K, capacity 106494K, committed 107328K, reserved 1142784K
  class space    used 13375K, capacity 14487K, committed 14844K, reserved 1048576K
}
Event: 28.410 GC heap before
{Heap before GC invocations=35 (full 0):
 garbage-first heap   total 461824K, used 360485K [0x0000000080000000, 0x0000000100000000)
  region size 1024K, 116 young (118784K), 6 survivors (6144K)
 Metaspace       used 103759K, capacity 106570K, committed 107328K, reserved 1142784K
  class space    used 13375K, capacity 14487K, committed 14844K, reserved 1048576K
}
Event: 28.424 GC heap after
{Heap after GC invocations=36 (full 0):
 garbage-first heap   total 461824K, used 249373K [0x0000000080000000, 0x0000000100000000)
  region size 1024K, 7 young (7168K), 7 survivors (7168K)
 Metaspace       used 103759K, capacity 106570K, committed 107328K, reserved 1142784K
  class space    used 13375K, capacity 14487K, committed 14844K, reserved 1048576K
}
Event: 28.977 GC heap before
{Heap before GC invocations=37 (full 0):
 garbage-first heap   total 461824K, used 365085K [0x0000000080000000, 0x0000000100000000)
  region size 1024K, 121 young (123904K), 7 survivors (7168K)
 Metaspace       used 103913K, capacity 106714K, committed 107584K, reserved 1142784K
  class space    used 13375K, capacity 14487K, committed 14844K, reserved 1048576K
}
Event: 28.994 GC heap after
{Heap after GC invocations=38 (full 0):
 garbage-first heap   total 461824K, used 253616K [0x0000000080000000, 0x0000000100000000)
  region size 1024K, 12 young (12288K), 12 survivors (12288K)
 Metaspace       used 103913K, capacity 106714K, committed 107584K, reserved 1142784K
  class space    used 13375K, capacity 14487K, committed 14844K, reserved 1048576K
}
Event: 29.025 GC heap before
{Heap before GC invocations=38 (full 0):
 garbage-first heap   total 461824K, used 263856K [0x0000000080000000, 0x0000000100000000)
  region size 1024K, 22 young (22528K), 12 survivors (12288K)
 Metaspace       used 103930K, capacity 106717K, committed 107584K, reserved 1142784K
  class space    used 13375K, capacity 14487K, committed 14844K, reserved 1048576K
}

