# JRE version: OpenJDK Runtime Environment (11.0.13) (build 11.0.13+0-b1751.21-8125866)
# Java VM: OpenJDK 64-Bit Server VM (11.0.13+0-b1751.21-8125866, mixed mode, tiered, compressed oops, g1 gc, windows-amd64)
Heap:
 garbage-first heap   total 327680K, used 196022K [0x0000000080000000, 0x0000000100000000)
  region size 1024K, 31 young (31744K), 11 survivors (11264K)
 Metaspace       used 107604K, capacity 111242K, committed 111384K, reserved 1144832K
  class space    used 14153K, capacity 15606K, committed 15704K, reserved 1048576K
GC Heap History (20 events):
Event: 15.149 GC heap before
{Heap before GC invocations=9 (full 0):
 garbage-first heap   total 327680K, used 231026K [0x0000000080000000, 0x0000000100000000)
  region size 1024K, 192 young (196608K), 19 survivors (19456K)
 Metaspace       used 71073K, capacity 72791K, committed 72872K, reserved 1112064K
  class space    used 9187K, capacity 9865K, committed 9944K, reserved 1048576K
}
Event: 15.173 GC heap after
{Heap after GC invocations=10 (full 0):
 garbage-first heap   total 327680K, used 58464K [0x0000000080000000, 0x0000000100000000)
  region size 1024K, 24 young (24576K), 24 survivors (24576K)
 Metaspace       used 71073K, capacity 72791K, committed 72872K, reserved 1112064K
  class space    used 9187K, capacity 9865K, committed 9944K, reserved 1048576K
}
Event: 18.326 GC heap before
{Heap before GC invocations=10 (full 0):
 garbage-first heap   total 327680K, used 230496K [0x0000000080000000, 0x0000000100000000)
  region size 1024K, 192 young (196608K), 24 survivors (24576K)
 Metaspace       used 82284K, capacity 84456K, committed 84520K, reserved 1122304K
  class space    used 10765K, capacity 11588K, committed 11608K, reserved 1048576K
}
Event: 18.357 GC heap after
{Heap after GC invocations=11 (full 0):
 garbage-first heap   total 327680K, used 72148K [0x0000000080000000, 0x0000000100000000)
  region size 1024K, 14 young (14336K), 14 survivors (14336K)
 Metaspace       used 82284K, capacity 84456K, committed 84520K, reserved 1122304K
  class space    used 10765K, capacity 11588K, committed 11608K, reserved 1048576K
}
Event: 19.955 GC heap before
{Heap before GC invocations=11 (full 0):
 garbage-first heap   total 327680K, used 246228K [0x0000000080000000, 0x0000000100000000)
  region size 1024K, 185 young (189440K), 14 survivors (14336K)
 Metaspace       used 84120K, capacity 86561K, committed 86568K, reserved 1124352K
  class space    used 10966K, capacity 11863K, committed 11864K, reserved 1048576K
}
Event: 19.978 GC heap after
{Heap after GC invocations=12 (full 0):
 garbage-first heap   total 327680K, used 82944K [0x0000000080000000, 0x0000000100000000)
  region size 1024K, 24 young (24576K), 24 survivors (24576K)
 Metaspace       used 84120K, capacity 86561K, committed 86568K, reserved 1124352K
  class space    used 10966K, capacity 11863K, committed 11864K, reserved 1048576K
}
Event: 23.204 GC heap before
{Heap before GC invocations=12 (full 0):
 garbage-first heap   total 327680K, used 256000K [0x0000000080000000, 0x0000000100000000)
  region size 1024K, 192 young (196608K), 24 survivors (24576K)
 Metaspace       used 94070K, capacity 96803K, committed 96936K, reserved 1132544K
  class space    used 12157K, capacity 13185K, committed 13272K, reserved 1048576K
}
Event: 23.233 GC heap after
{Heap after GC invocations=13 (full 0):
 garbage-first heap   total 327680K, used 96891K [0x0000000080000000, 0x0000000100000000)
  region size 1024K, 24 young (24576K), 24 survivors (24576K)
 Metaspace       used 94070K, capacity 96803K, committed 96936K, reserved 1132544K
  class space    used 12157K, capacity 13185K, committed 13272K, reserved 1048576K
}
Event: 24.193 GC heap before
{Heap before GC invocations=13 (full 0):
 garbage-first heap   total 327680K, used 268923K [0x0000000080000000, 0x0000000100000000)
  region size 1024K, 183 young (187392K), 24 survivors (24576K)
 Metaspace       used 95241K, capacity 98009K, committed 98088K, reserved 1134592K
  class space    used 12318K, capacity 13347K, committed 13400K, reserved 1048576K
}
Event: 24.276 GC heap after
{Heap after GC invocations=14 (full 0):
 garbage-first heap   total 327680K, used 116974K [0x0000000080000000, 0x0000000100000000)
  region size 1024K, 23 young (23552K), 23 survivors (23552K)
 Metaspace       used 95241K, capacity 98009K, committed 98088K, reserved 1134592K
  class space    used 12318K, capacity 13347K, committed 13400K, reserved 1048576K
}
Event: 24.937 GC heap before
{Heap before GC invocations=14 (full 0):
 garbage-first heap   total 327680K, used 228590K [0x0000000080000000, 0x0000000100000000)
  region size 1024K, 134 young (137216K), 23 survivors (23552K)
 Metaspace       used 98363K, capacity 101226K, committed 101400K, reserved 1136640K
  class space    used 12733K, capacity 13833K, committed 13912K, reserved 1048576K
}
Event: 24.975 GC heap after
{Heap after GC invocations=15 (full 0):
 garbage-first heap   total 327680K, used 130048K [0x0000000080000000, 0x0000000100000000)
  region size 1024K, 16 young (16384K), 16 survivors (16384K)
 Metaspace       used 98363K, capacity 101226K, committed 101400K, reserved 1136640K
  class space    used 12733K, capacity 13833K, committed 13912K, reserved 1048576K
}
Event: 25.805 GC heap before
{Heap before GC invocations=16 (full 0):
 garbage-first heap   total 327680K, used 248832K [0x0000000080000000, 0x0000000100000000)
  region size 1024K, 133 young (136192K), 16 survivors (16384K)
 Metaspace       used 101728K, capacity 104857K, committed 105112K, reserved 1140736K
  class space    used 13255K, capacity 14539K, committed 14552K, reserved 1048576K
}
Event: 25.850 GC heap after
{Heap after GC invocations=17 (full 0):
 garbage-first heap   total 327680K, used 145408K [0x0000000080000000, 0x0000000100000000)
  region size 1024K, 17 young (17408K), 17 survivors (17408K)
 Metaspace       used 101728K, capacity 104857K, committed 105112K, reserved 1140736K
  class space    used 13255K, capacity 14539K, committed 14552K, reserved 1048576K
}
Event: 26.546 GC heap before
{Heap before GC invocations=18 (full 0):
 garbage-first heap   total 327680K, used 252928K [0x0000000080000000, 0x0000000100000000)
  region size 1024K, 123 young (125952K), 17 survivors (17408K)
 Metaspace       used 105491K, capacity 108992K, committed 109080K, reserved 1142784K
  class space    used 13948K, capacity 15364K, committed 15448K, reserved 1048576K
}
Event: 26.580 GC heap after
{Heap after GC invocations=19 (full 0):
 garbage-first heap   total 327680K, used 163535K [0x0000000080000000, 0x0000000100000000)
  region size 1024K, 16 young (16384K), 16 survivors (16384K)
 Metaspace       used 105491K, capacity 108992K, committed 109080K, reserved 1142784K
  class space    used 13948K, capacity 15364K, committed 15448K, reserved 1048576K
}
Event: 27.109 GC heap before
{Heap before GC invocations=19 (full 0):
 garbage-first heap   total 327680K, used 256719K [0x0000000080000000, 0x0000000100000000)
  region size 1024K, 108 young (110592K), 16 survivors (16384K)
 Metaspace       used 107079K, capacity 110618K, committed 110744K, reserved 1144832K
  class space    used 14093K, capacity 15528K, committed 15576K, reserved 1048576K
}
Event: 27.132 GC heap after
{Heap after GC invocations=20 (full 0):
 garbage-first heap   total 327680K, used 173288K [0x0000000080000000, 0x0000000100000000)
  region size 1024K, 8 young (8192K), 8 survivors (8192K)
 Metaspace       used 107079K, capacity 110618K, committed 110744K, reserved 1144832K
  class space    used 14093K, capacity 15528K, committed 15576K, reserved 1048576K
}
Event: 27.514 GC heap before
{Heap before GC invocations=20 (full 0):
 garbage-first heap   total 327680K, used 262376K [0x0000000080000000, 0x0000000100000000)
  region size 1024K, 96 young (98304K), 8 survivors (8192K)
 Metaspace       used 107515K, capacity 111111K, committed 111384K, reserved 1144832K
  class space    used 14147K, capacity 15606K, committed 15704K, reserved 1048576K
}
Event: 27.530 GC heap after
{Heap after GC invocations=21 (full 0):
 garbage-first heap   total 327680K, used 176566K [0x0000000080000000, 0x0000000100000000)
  region size 1024K, 11 young (11264K), 11 survivors (11264K)
 Metaspace       used 107515K, capacity 111111K, committed 111384K, reserved 1144832K
  class space    used 14147K, capacity 15606K, committed 15704K, reserved 1048576K
}

