# JRE version: OpenJDK Runtime Environment (11.0.13) (build 11.0.13+0-b1751.21-8125866)
# Java VM: OpenJDK 64-Bit Server VM (11.0.13+0-b1751.21-8125866, mixed mode, tiered, compressed oops, g1 gc, windows-amd64)
Heap:
 garbage-first heap   total 461824K, used 241140K [0x0000000080000000, 0x0000000100000000)
  region size 1024K, 1 young (1024K), 1 survivors (1024K)
 Metaspace       used 107946K, capacity 110930K, committed 111316K, reserved 1144832K
  class space    used 13891K, capacity 15043K, committed 15180K, reserved 1048576K
GC Heap History (20 events):
Event: 24.740 GC heap after
{Heap after GC invocations=17 (full 0):
 garbage-first heap   total 327680K, used 140288K [0x0000000080000000, 0x0000000100000000)
  region size 1024K, 20 young (20480K), 20 survivors (20480K)
 Metaspace       used 98319K, capacity 101152K, committed 101256K, reserved 1136640K
  class space    used 12725K, capacity 13813K, committed 13824K, reserved 1048576K
}
Event: 25.389 GC heap before
{Heap before GC invocations=18 (full 0):
 garbage-first heap   total 327680K, used 250880K [0x0000000080000000, 0x0000000100000000)
  region size 1024K, 129 young (132096K), 20 survivors (20480K)
 Metaspace       used 100249K, capacity 103086K, committed 103380K, reserved 1138688K
  class space    used 12962K, capacity 14024K, committed 14156K, reserved 1048576K
}
Event: 25.443 GC heap after
{Heap after GC invocations=19 (full 0):
 garbage-first heap   total 327680K, used 156672K [0x0000000080000000, 0x0000000100000000)
  region size 1024K, 17 young (17408K), 17 survivors (17408K)
 Metaspace       used 100249K, capacity 103086K, committed 103380K, reserved 1138688K
  class space    used 12962K, capacity 14024K, committed 14156K, reserved 1048576K
}
Event: 25.868 GC heap before
{Heap before GC invocations=20 (full 0):
 garbage-first heap   total 327680K, used 252928K [0x0000000080000000, 0x0000000100000000)
  region size 1024K, 112 young (114688K), 17 survivors (17408K)
 Metaspace       used 101285K, capacity 104152K, committed 104532K, reserved 1140736K
  class space    used 13072K, capacity 14171K, committed 14284K, reserved 1048576K
}
Event: 25.905 GC heap after
{Heap after GC invocations=21 (full 0):
 garbage-first heap   total 327680K, used 175568K [0x0000000080000000, 0x0000000100000000)
  region size 1024K, 14 young (14336K), 14 survivors (14336K)
 Metaspace       used 101285K, capacity 104152K, committed 104532K, reserved 1140736K
  class space    used 13072K, capacity 14171K, committed 14284K, reserved 1048576K
}
Event: 26.093 GC heap before
{Heap before GC invocations=21 (full 0):
 garbage-first heap   total 327680K, used 257488K [0x0000000080000000, 0x0000000100000000)
  region size 1024K, 95 young (97280K), 14 survivors (14336K)
 Metaspace       used 102207K, capacity 105191K, committed 105428K, reserved 1140736K
  class space    used 13221K, capacity 14364K, committed 14412K, reserved 1048576K
}
Event: 26.126 GC heap after
{Heap after GC invocations=22 (full 0):
 garbage-first heap   total 327680K, used 191488K [0x0000000080000000, 0x0000000100000000)
  region size 1024K, 12 young (12288K), 12 survivors (12288K)
 Metaspace       used 102207K, capacity 105191K, committed 105428K, reserved 1140736K
  class space    used 13221K, capacity 14364K, committed 14412K, reserved 1048576K
}
Event: 26.282 GC heap before
{Heap before GC invocations=22 (full 0):
 garbage-first heap   total 327680K, used 264192K [0x0000000080000000, 0x0000000100000000)
  region size 1024K, 83 young (84992K), 12 survivors (12288K)
 Metaspace       used 102335K, capacity 105288K, committed 105428K, reserved 1140736K
  class space    used 13241K, capacity 14374K, committed 14412K, reserved 1048576K
}
Event: 26.309 GC heap after
{Heap after GC invocations=23 (full 0):
 garbage-first heap   total 327680K, used 205824K [0x0000000080000000, 0x0000000100000000)
  region size 1024K, 11 young (11264K), 11 survivors (11264K)
 Metaspace       used 102335K, capacity 105288K, committed 105428K, reserved 1140736K
  class space    used 13241K, capacity 14374K, committed 14412K, reserved 1048576K
}
Event: 26.530 GC heap before
{Heap before GC invocations=23 (full 0):
 garbage-first heap   total 327680K, used 268288K [0x0000000080000000, 0x0000000100000000)
  region size 1024K, 72 young (73728K), 11 survivors (11264K)
 Metaspace       used 103804K, capacity 106905K, committed 107092K, reserved 1142784K
  class space    used 13494K, capacity 14687K, committed 14796K, reserved 1048576K
}
Event: 26.559 GC heap after
{Heap after GC invocations=24 (full 0):
 garbage-first heap   total 393216K, used 217823K [0x0000000080000000, 0x0000000100000000)
  region size 1024K, 9 young (9216K), 9 survivors (9216K)
 Metaspace       used 103804K, capacity 106905K, committed 107092K, reserved 1142784K
  class space    used 13494K, capacity 14687K, committed 14796K, reserved 1048576K
}
Event: 27.147 GC heap before
{Heap before GC invocations=25 (full 0):
 garbage-first heap   total 393216K, used 306911K [0x0000000080000000, 0x0000000100000000)
  region size 1024K, 97 young (99328K), 9 survivors (9216K)
 Metaspace       used 105204K, capacity 108077K, committed 108500K, reserved 1142784K
  class space    used 13679K, capacity 14799K, committed 14924K, reserved 1048576K
}
Event: 27.174 GC heap after
{Heap after GC invocations=26 (full 0):
 garbage-first heap   total 393216K, used 230633K [0x0000000080000000, 0x0000000100000000)
  region size 1024K, 12 young (12288K), 12 survivors (12288K)
 Metaspace       used 105204K, capacity 108077K, committed 108500K, reserved 1142784K
  class space    used 13679K, capacity 14799K, committed 14924K, reserved 1048576K
}
Event: 27.513 GC heap before
{Heap before GC invocations=26 (full 0):
 garbage-first heap   total 393216K, used 315625K [0x0000000080000000, 0x0000000100000000)
  region size 1024K, 95 young (97280K), 12 survivors (12288K)
 Metaspace       used 105643K, capacity 108593K, committed 109140K, reserved 1142784K
  class space    used 13707K, capacity 14834K, committed 15052K, reserved 1048576K
}
Event: 27.536 GC heap after
{Heap after GC invocations=27 (full 0):
 garbage-first heap   total 393216K, used 237533K [0x0000000080000000, 0x0000000100000000)
  region size 1024K, 8 young (8192K), 8 survivors (8192K)
 Metaspace       used 105643K, capacity 108593K, committed 109140K, reserved 1142784K
  class space    used 13707K, capacity 14834K, committed 15052K, reserved 1048576K
}
Event: 28.067 GC heap before
{Heap before GC invocations=27 (full 0):
 garbage-first heap   total 393216K, used 319453K [0x0000000080000000, 0x0000000100000000)
  region size 1024K, 89 young (91136K), 8 survivors (8192K)
 Metaspace       used 106375K, capacity 109253K, committed 109908K, reserved 1144832K
  class space    used 13694K, capacity 14807K, committed 15052K, reserved 1048576K
}
Event: 28.083 GC heap after
{Heap after GC invocations=28 (full 0):
 garbage-first heap   total 393216K, used 242159K [0x0000000080000000, 0x0000000100000000)
  region size 1024K, 5 young (5120K), 5 survivors (5120K)
 Metaspace       used 106375K, capacity 109253K, committed 109908K, reserved 1144832K
  class space    used 13694K, capacity 14807K, committed 15052K, reserved 1048576K
}
Event: 28.556 GC heap before
{Heap before GC invocations=29 (full 0):
 garbage-first heap   total 393216K, used 325103K [0x0000000080000000, 0x0000000100000000)
  region size 1024K, 86 young (88064K), 5 survivors (5120K)
 Metaspace       used 107884K, capacity 110848K, committed 111060K, reserved 1144832K
  class space    used 13881K, capacity 15037K, committed 15180K, reserved 1048576K
}
Event: 28.571 GC heap after
{Heap after GC invocations=30 (full 0):
 garbage-first heap   total 393216K, used 245213K [0x0000000080000000, 0x0000000100000000)
  region size 1024K, 8 young (8192K), 8 survivors (8192K)
 Metaspace       used 107884K, capacity 110848K, committed 111060K, reserved 1144832K
  class space    used 13881K, capacity 15037K, committed 15180K, reserved 1048576K
}
Event: 28.616 GC heap before
{Heap before GC invocations=30 (full 0):
 garbage-first heap   total 393216K, used 256477K [0x0000000080000000, 0x0000000100000000)
  region size 1024K, 19 young (19456K), 8 survivors (8192K)
 Metaspace       used 107946K, capacity 110930K, committed 111316K, reserved 1144832K
  class space    used 13891K, capacity 15043K, committed 15180K, reserved 1048576K
}

