# JRE version: OpenJDK Runtime Environment (11.0.13) (build 11.0.13+0-b1751.21-8125866)
# Java VM: OpenJDK 64-Bit Server VM (11.0.13+0-b1751.21-8125866, mixed mode, tiered, compressed oops, g1 gc, windows-amd64)
Heap:
 garbage-first heap   total 327680K, used 157449K [0x0000000080000000, 0x0000000100000000)
  region size 1024K, 96 young (98304K), 22 survivors (22528K)
 Metaspace       used 64942K, capacity 66979K, committed 67148K, reserved 1107968K
  class space    used 8310K, capacity 9007K, committed 9036K, reserved 1048576K
GC Heap History (14 events):
Event: 1.080 GC heap before
{Heap before GC invocations=0 (full 0):
 garbage-first heap   total 327680K, used 29696K [0x0000000080000000, 0x0000000100000000)
  region size 1024K, 24 young (24576K), 0 survivors (0K)
 Metaspace       used 9801K, capacity 9956K, committed 10112K, reserved 1058816K
  class space    used 1006K, capacity 1069K, committed 1152K, reserved 1048576K
}
Event: 1.085 GC heap after
{Heap after GC invocations=1 (full 0):
 garbage-first heap   total 327680K, used 9405K [0x0000000080000000, 0x0000000100000000)
  region size 1024K, 3 young (3072K), 3 survivors (3072K)
 Metaspace       used 9801K, capacity 9956K, committed 10112K, reserved 1058816K
  class space    used 1006K, capacity 1069K, committed 1152K, reserved 1048576K
}
Event: 4.443 GC heap before
{Heap before GC invocations=1 (full 0):
 garbage-first heap   total 327680K, used 112829K [0x0000000080000000, 0x0000000100000000)
  region size 1024K, 104 young (106496K), 3 survivors (3072K)
 Metaspace       used 20712K, capacity 21120K, committed 21248K, reserved 1067008K
  class space    used 2518K, capacity 2695K, committed 2816K, reserved 1048576K
}
Event: 4.455 GC heap after
{Heap after GC invocations=2 (full 0):
 garbage-first heap   total 327680K, used 17143K [0x0000000080000000, 0x0000000100000000)
  region size 1024K, 11 young (11264K), 11 survivors (11264K)
 Metaspace       used 20712K, capacity 21120K, committed 21248K, reserved 1067008K
  class space    used 2518K, capacity 2695K, committed 2816K, reserved 1048576K
}
Event: 4.795 GC heap before
{Heap before GC invocations=3 (full 0):
 garbage-first heap   total 327680K, used 37623K [0x0000000080000000, 0x0000000100000000)
  region size 1024K, 32 young (32768K), 11 survivors (11264K)
 Metaspace       used 22757K, capacity 23307K, committed 23552K, reserved 1069056K
  class space    used 2869K, capacity 3047K, committed 3072K, reserved 1048576K
}
Event: 4.801 GC heap after
{Heap after GC invocations=4 (full 0):
 garbage-first heap   total 327680K, used 18450K [0x0000000080000000, 0x0000000100000000)
  region size 1024K, 2 young (2048K), 2 survivors (2048K)
 Metaspace       used 22757K, capacity 23307K, committed 23552K, reserved 1069056K
  class space    used 2869K, capacity 3047K, committed 3072K, reserved 1048576K
}
Event: 6.891 GC heap before
{Heap before GC invocations=4 (full 0):
 garbage-first heap   total 327680K, used 134162K [0x0000000080000000, 0x0000000100000000)
  region size 1024K, 102 young (104448K), 2 survivors (2048K)
 Metaspace       used 32156K, capacity 33075K, committed 33408K, reserved 1077248K
  class space    used 4302K, capacity 4620K, committed 4736K, reserved 1048576K
}
Event: 6.895 GC heap after
{Heap after GC invocations=5 (full 0):
 garbage-first heap   total 327680K, used 37186K [0x0000000080000000, 0x0000000100000000)
  region size 1024K, 7 young (7168K), 7 survivors (7168K)
 Metaspace       used 32156K, capacity 33075K, committed 33408K, reserved 1077248K
  class space    used 4302K, capacity 4620K, committed 4736K, reserved 1048576K
}
Event: 7.313 GC heap before
{Heap before GC invocations=5 (full 0):
 garbage-first heap   total 327680K, used 50498K [0x0000000080000000, 0x0000000100000000)
  region size 1024K, 21 young (21504K), 7 survivors (7168K)
 Metaspace       used 34868K, capacity 35775K, committed 35840K, reserved 1081344K
  class space    used 4604K, capacity 4965K, committed 4992K, reserved 1048576K
}
Event: 7.322 GC heap after
{Heap after GC invocations=6 (full 0):
 garbage-first heap   total 327680K, used 38803K [0x0000000080000000, 0x0000000100000000)
  region size 1024K, 9 young (9216K), 9 survivors (9216K)
 Metaspace       used 34868K, capacity 35775K, committed 35840K, reserved 1081344K
  class space    used 4604K, capacity 4965K, committed 4992K, reserved 1048576K
}
Event: 10.087 GC heap before
{Heap before GC invocations=7 (full 0):
 garbage-first heap   total 327680K, used 183187K [0x0000000080000000, 0x0000000100000000)
  region size 1024K, 135 young (138240K), 9 survivors (9216K)
 Metaspace       used 46153K, capacity 47414K, committed 47564K, reserved 1091584K
  class space    used 5788K, capacity 6271K, committed 6348K, reserved 1048576K
}
Event: 10.122 GC heap after
{Heap after GC invocations=8 (full 0):
 garbage-first heap   total 327680K, used 62051K [0x0000000080000000, 0x0000000100000000)
  region size 1024K, 17 young (17408K), 17 survivors (17408K)
 Metaspace       used 46153K, capacity 47414K, committed 47564K, reserved 1091584K
  class space    used 5788K, capacity 6271K, committed 6348K, reserved 1048576K
}
Event: 13.513 GC heap before
{Heap before GC invocations=9 (full 0):
 garbage-first heap   total 327680K, used 229987K [0x0000000080000000, 0x0000000100000000)
  region size 1024K, 175 young (179200K), 17 survivors (17408K)
 Metaspace       used 56440K, capacity 58261K, committed 58444K, reserved 1099776K
  class space    used 7235K, capacity 7897K, committed 8012K, reserved 1048576K
}
Event: 13.543 GC heap after
{Heap after GC invocations=10 (full 0):
 garbage-first heap   total 327680K, used 80649K [0x0000000080000000, 0x0000000100000000)
  region size 1024K, 22 young (22528K), 22 survivors (22528K)
 Metaspace       used 56440K, capacity 58261K, committed 58444K, reserved 1099776K
  class space    used 7235K, capacity 7897K, committed 8012K, reserved 1048576K
}

