# JRE version: OpenJDK Runtime Environment (11.0.13) (build 11.0.13+0-b1751.21-8125866)
# Java VM: OpenJDK 64-Bit Server VM (11.0.13+0-b1751.21-8125866, mixed mode, tiered, compressed oops, g1 gc, windows-amd64)
Heap:
 garbage-first heap   total 393216K, used 241982K [0x0000000080000000, 0x0000000100000000)
  region size 1024K, 47 young (48128K), 10 survivors (10240K)
 Metaspace       used 113796K, capacity 116581K, committed 117072K, reserved 1150976K
  class space    used 14196K, capacity 15278K, committed 15488K, reserved 1048576K
GC Heap History (20 events):
Event: 43.101 GC heap before
{Heap before GC invocations=19 (full 0):
 garbage-first heap   total 327680K, used 272250K [0x0000000080000000, 0x0000000100000000)
  region size 1024K, 134 young (137216K), 19 survivors (19456K)
 Metaspace       used 106038K, capacity 108695K, committed 108880K, reserved 1144832K
  class space    used 13191K, capacity 14202K, committed 14208K, reserved 1048576K
}
Event: 43.123 GC heap after
{Heap after GC invocations=20 (full 0):
 garbage-first heap   total 327680K, used 154305K [0x0000000080000000, 0x0000000100000000)
  region size 1024K, 7 young (7168K), 7 survivors (7168K)
 Metaspace       used 106038K, capacity 108695K, committed 108880K, reserved 1144832K
  class space    used 13191K, capacity 14202K, committed 14208K, reserved 1048576K
}
Event: 43.433 GC heap before
{Heap before GC invocations=20 (full 0):
 garbage-first heap   total 327680K, used 265921K [0x0000000080000000, 0x0000000100000000)
  region size 1024K, 117 young (119808K), 7 survivors (7168K)
 Metaspace       used 106976K, capacity 109637K, committed 109776K, reserved 1144832K
  class space    used 13310K, capacity 14323K, committed 14336K, reserved 1048576K
}
Event: 43.446 GC heap after
{Heap after GC invocations=21 (full 0):
 garbage-first heap   total 327680K, used 177958K [0x0000000080000000, 0x0000000100000000)
  region size 1024K, 15 young (15360K), 15 survivors (15360K)
 Metaspace       used 106976K, capacity 109637K, committed 109776K, reserved 1144832K
  class space    used 13310K, capacity 14323K, committed 14336K, reserved 1048576K
}
Event: 43.666 GC heap before
{Heap before GC invocations=21 (full 0):
 garbage-first heap   total 327680K, used 225062K [0x0000000080000000, 0x0000000100000000)
  region size 1024K, 63 young (64512K), 15 survivors (15360K)
 Metaspace       used 107859K, capacity 110721K, committed 111056K, reserved 1146880K
  class space    used 13431K, capacity 14473K, committed 14592K, reserved 1048576K
}
Event: 43.682 GC heap after
{Heap after GC invocations=22 (full 0):
 garbage-first heap   total 327680K, used 184966K [0x0000000080000000, 0x0000000100000000)
  region size 1024K, 11 young (11264K), 11 survivors (11264K)
 Metaspace       used 107859K, capacity 110721K, committed 111056K, reserved 1146880K
  class space    used 13431K, capacity 14473K, committed 14592K, reserved 1048576K
}
Event: 44.374 GC heap before
{Heap before GC invocations=23 (full 0):
 garbage-first heap   total 327680K, used 238214K [0x0000000080000000, 0x0000000100000000)
  region size 1024K, 80 young (81920K), 11 survivors (11264K)
 Metaspace       used 109529K, capacity 112197K, committed 112848K, reserved 1146880K
  class space    used 13589K, capacity 14575K, committed 14848K, reserved 1048576K
}
Event: 44.396 GC heap after
{Heap after GC invocations=24 (full 0):
 garbage-first heap   total 327680K, used 173886K [0x0000000080000000, 0x0000000100000000)
  region size 1024K, 10 young (10240K), 10 survivors (10240K)
 Metaspace       used 109529K, capacity 112197K, committed 112848K, reserved 1146880K
  class space    used 13589K, capacity 14575K, committed 14848K, reserved 1048576K
}
Event: 44.430 GC heap before
{Heap before GC invocations=24 (full 0):
 garbage-first heap   total 327680K, used 180030K [0x0000000080000000, 0x0000000100000000)
  region size 1024K, 16 young (16384K), 10 survivors (10240K)
 Metaspace       used 109650K, capacity 112334K, committed 113104K, reserved 1146880K
  class space    used 13601K, capacity 14578K, committed 14848K, reserved 1048576K
}
Event: 44.448 GC heap after
{Heap after GC invocations=25 (full 0):
 garbage-first heap   total 327680K, used 161370K [0x0000000080000000, 0x0000000100000000)
  region size 1024K, 2 young (2048K), 2 survivors (2048K)
 Metaspace       used 109650K, capacity 112334K, committed 113104K, reserved 1146880K
  class space    used 13601K, capacity 14578K, committed 14848K, reserved 1048576K
}
Event: 44.902 GC heap before
{Heap before GC invocations=25 (full 0):
 garbage-first heap   total 327680K, used 246362K [0x0000000080000000, 0x0000000100000000)
  region size 1024K, 85 young (87040K), 2 survivors (2048K)
 Metaspace       used 110910K, capacity 113718K, committed 114256K, reserved 1148928K
  class space    used 13815K, capacity 14848K, committed 14976K, reserved 1048576K
}
Event: 44.941 GC heap after
{Heap after GC invocations=26 (full 0):
 garbage-first heap   total 327680K, used 177149K [0x0000000080000000, 0x0000000100000000)
  region size 1024K, 11 young (11264K), 11 survivors (11264K)
 Metaspace       used 110910K, capacity 113718K, committed 114256K, reserved 1148928K
  class space    used 13815K, capacity 14848K, committed 14976K, reserved 1048576K
}
Event: 45.524 GC heap before
{Heap before GC invocations=27 (full 0):
 garbage-first heap   total 327680K, used 250877K [0x0000000080000000, 0x0000000100000000)
  region size 1024K, 86 young (88064K), 11 survivors (11264K)
 Metaspace       used 112331K, capacity 115132K, committed 115408K, reserved 1148928K
  class space    used 13982K, capacity 15051K, committed 15104K, reserved 1048576K
}
Event: 45.554 GC heap after
{Heap after GC invocations=28 (full 0):
 garbage-first heap   total 327680K, used 187731K [0x0000000080000000, 0x0000000100000000)
  region size 1024K, 11 young (11264K), 11 survivors (11264K)
 Metaspace       used 112331K, capacity 115132K, committed 115408K, reserved 1148928K
  class space    used 13982K, capacity 15051K, committed 15104K, reserved 1048576K
}
Event: 45.576 GC heap before
{Heap before GC invocations=28 (full 0):
 garbage-first heap   total 327680K, used 192851K [0x0000000080000000, 0x0000000100000000)
  region size 1024K, 16 young (16384K), 11 survivors (11264K)
 Metaspace       used 112400K, capacity 115226K, committed 115408K, reserved 1148928K
  class space    used 14008K, capacity 15098K, committed 15104K, reserved 1048576K
}
Event: 45.600 GC heap after
{Heap after GC invocations=29 (full 0):
 garbage-first heap   total 327680K, used 180045K [0x0000000080000000, 0x0000000100000000)
  region size 1024K, 2 young (2048K), 2 survivors (2048K)
 Metaspace       used 112400K, capacity 115226K, committed 115408K, reserved 1148928K
  class space    used 14008K, capacity 15098K, committed 15104K, reserved 1048576K
}
Event: 45.872 GC heap before
{Heap before GC invocations=29 (full 0):
 garbage-first heap   total 327680K, used 255821K [0x0000000080000000, 0x0000000100000000)
  region size 1024K, 76 young (77824K), 2 survivors (2048K)
 Metaspace       used 112821K, capacity 115662K, committed 115792K, reserved 1150976K
  class space    used 14058K, capacity 15177K, committed 15232K, reserved 1048576K
}
Event: 45.895 GC heap after
{Heap after GC invocations=30 (full 0):
 garbage-first heap   total 327680K, used 192886K [0x0000000080000000, 0x0000000100000000)
  region size 1024K, 10 young (10240K), 10 survivors (10240K)
 Metaspace       used 112821K, capacity 115662K, committed 115792K, reserved 1150976K
  class space    used 14058K, capacity 15177K, committed 15232K, reserved 1048576K
}
Event: 46.225 GC heap before
{Heap before GC invocations=30 (full 0):
 garbage-first heap   total 327680K, used 260470K [0x0000000080000000, 0x0000000100000000)
  region size 1024K, 77 young (78848K), 10 survivors (10240K)
 Metaspace       used 113427K, capacity 116303K, committed 116432K, reserved 1150976K
  class space    used 14170K, capacity 15306K, committed 15360K, reserved 1048576K
}
Event: 46.255 GC heap after
{Heap after GC invocations=31 (full 0):
 garbage-first heap   total 393216K, used 205118K [0x0000000080000000, 0x0000000100000000)
  region size 1024K, 10 young (10240K), 10 survivors (10240K)
 Metaspace       used 113427K, capacity 116303K, committed 116432K, reserved 1150976K
  class space    used 14170K, capacity 15306K, committed 15360K, reserved 1048576K
}

