# JRE version: OpenJDK Runtime Environment (11.0.13) (build 11.0.13+0-b1751.21-8125866)
# Java VM: OpenJDK 64-Bit Server VM (11.0.13+0-b1751.21-8125866, mixed mode, tiered, compressed oops, g1 gc, windows-amd64)
Heap:
 garbage-first heap   total 412672K, used 242808K [0x0000000080000000, 0x0000000100000000)
  region size 1024K, 4 young (4096K), 4 survivors (4096K)
 Metaspace       used 114656K, capacity 117727K, committed 118864K, reserved 1153024K
  class space    used 14618K, capacity 15776K, committed 16256K, reserved 1048576K
GC Heap History (20 events):
Event: 37.897 GC heap after
{Heap after GC invocations=22 (full 0):
 garbage-first heap   total 327680K, used 193536K [0x0000000080000000, 0x0000000100000000)
  region size 1024K, 12 young (12288K), 12 survivors (12288K)
 Metaspace       used 110578K, capacity 113889K, committed 114000K, reserved 1148928K
  class space    used 14156K, capacity 15443K, committed 15488K, reserved 1048576K
}
Event: 38.061 GC heap before
{Heap before GC invocations=22 (full 0):
 garbage-first heap   total 327680K, used 265216K [0x0000000080000000, 0x0000000100000000)
  region size 1024K, 82 young (83968K), 12 survivors (12288K)
 Metaspace       used 110963K, capacity 114330K, committed 114640K, reserved 1148928K
  class space    used 14218K, capacity 15527K, committed 15616K, reserved 1048576K
}
Event: 38.092 GC heap after
{Heap after GC invocations=23 (full 0):
 garbage-first heap   total 327680K, used 207699K [0x0000000080000000, 0x0000000100000000)
  region size 1024K, 11 young (11264K), 11 survivors (11264K)
 Metaspace       used 110963K, capacity 114330K, committed 114640K, reserved 1148928K
  class space    used 14218K, capacity 15527K, committed 15616K, reserved 1048576K
}
Event: 38.342 GC heap before
{Heap before GC invocations=23 (full 0):
 garbage-first heap   total 327680K, used 269139K [0x0000000080000000, 0x0000000100000000)
  region size 1024K, 71 young (72704K), 11 survivors (11264K)
 Metaspace       used 111065K, capacity 114050K, committed 115280K, reserved 1148928K
  class space    used 14172K, capacity 15336K, committed 15744K, reserved 1048576K
}
Event: 38.366 GC heap after
{Heap after GC invocations=24 (full 0):
 garbage-first heap   total 327680K, used 218477K [0x0000000080000000, 0x0000000100000000)
  region size 1024K, 9 young (9216K), 9 survivors (9216K)
 Metaspace       used 111065K, capacity 114050K, committed 115280K, reserved 1148928K
  class space    used 14172K, capacity 15336K, committed 15744K, reserved 1048576K
}
Event: 38.555 GC heap before
{Heap before GC invocations=24 (full 0):
 garbage-first heap   total 327680K, used 271725K [0x0000000080000000, 0x0000000100000000)
  region size 1024K, 61 young (62464K), 9 survivors (9216K)
 Metaspace       used 112169K, capacity 115218K, committed 116176K, reserved 1148928K
  class space    used 14358K, capacity 15558K, committed 15872K, reserved 1048576K
}
Event: 38.579 GC heap after
{Heap after GC invocations=25 (full 0):
 garbage-first heap   total 327680K, used 228352K [0x0000000080000000, 0x0000000100000000)
  region size 1024K, 8 young (8192K), 8 survivors (8192K)
 Metaspace       used 112169K, capacity 115218K, committed 116176K, reserved 1148928K
  class space    used 14358K, capacity 15558K, committed 15872K, reserved 1048576K
}
Event: 38.836 GC heap before
{Heap before GC invocations=26 (full 0):
 garbage-first heap   total 327680K, used 274432K [0x0000000080000000, 0x0000000100000000)
  region size 1024K, 54 young (55296K), 8 survivors (8192K)
 Metaspace       used 113416K, capacity 116601K, committed 117456K, reserved 1150976K
  class space    used 14585K, capacity 15823K, committed 16128K, reserved 1048576K
}
Event: 38.854 GC heap after
{Heap after GC invocations=27 (full 0):
 garbage-first heap   total 327680K, used 236305K [0x0000000080000000, 0x0000000100000000)
  region size 1024K, 7 young (7168K), 7 survivors (7168K)
 Metaspace       used 113416K, capacity 116601K, committed 117456K, reserved 1150976K
  class space    used 14585K, capacity 15823K, committed 16128K, reserved 1048576K
}
Event: 39.087 GC heap before
{Heap before GC invocations=27 (full 0):
 garbage-first heap   total 327680K, used 276241K [0x0000000080000000, 0x0000000100000000)
  region size 1024K, 47 young (48128K), 7 survivors (7168K)
 Metaspace       used 113903K, capacity 117035K, committed 117712K, reserved 1150976K
  class space    used 14650K, capacity 15879K, committed 16128K, reserved 1048576K
}
Event: 39.101 GC heap after
{Heap after GC invocations=28 (full 0):
 garbage-first heap   total 327680K, used 240016K [0x0000000080000000, 0x0000000100000000)
  region size 1024K, 4 young (4096K), 4 survivors (4096K)
 Metaspace       used 113903K, capacity 117035K, committed 117712K, reserved 1150976K
  class space    used 14650K, capacity 15879K, committed 16128K, reserved 1048576K
}
Event: 39.435 GC heap before
{Heap before GC invocations=28 (full 0):
 garbage-first heap   total 327680K, used 277904K [0x0000000080000000, 0x0000000100000000)
  region size 1024K, 42 young (43008K), 4 survivors (4096K)
 Metaspace       used 114463K, capacity 117709K, committed 118352K, reserved 1150976K
  class space    used 14696K, capacity 15946K, committed 16256K, reserved 1048576K
}
Event: 39.445 GC heap after
{Heap after GC invocations=29 (full 0):
 garbage-first heap   total 327680K, used 241974K [0x0000000080000000, 0x0000000100000000)
  region size 1024K, 6 young (6144K), 6 survivors (6144K)
 Metaspace       used 114463K, capacity 117709K, committed 118352K, reserved 1150976K
  class space    used 14696K, capacity 15946K, committed 16256K, reserved 1048576K
}
Event: 39.796 GC heap before
{Heap before GC invocations=29 (full 0):
 garbage-first heap   total 327680K, used 280886K [0x0000000080000000, 0x0000000100000000)
  region size 1024K, 44 young (45056K), 6 survivors (6144K)
 Metaspace       used 114349K, capacity 117379K, committed 118608K, reserved 1150976K
  class space    used 14572K, capacity 15723K, committed 16256K, reserved 1048576K
}
Event: 39.808 GC heap after
{Heap after GC invocations=30 (full 0):
 garbage-first heap   total 327680K, used 243441K [0x0000000080000000, 0x0000000100000000)
  region size 1024K, 5 young (5120K), 5 survivors (5120K)
 Metaspace       used 114349K, capacity 117379K, committed 118608K, reserved 1150976K
  class space    used 14572K, capacity 15723K, committed 16256K, reserved 1048576K
}
Event: 40.001 GC heap before
{Heap before GC invocations=31 (full 0):
 garbage-first heap   total 327680K, used 282353K [0x0000000080000000, 0x0000000100000000)
  region size 1024K, 43 young (44032K), 5 survivors (5120K)
 Metaspace       used 114609K, capacity 117648K, committed 118864K, reserved 1153024K
  class space    used 14604K, capacity 15771K, committed 16256K, reserved 1048576K
}
Event: 40.015 GC heap after
{Heap after GC invocations=32 (full 0):
 garbage-first heap   total 327680K, used 245403K [0x0000000080000000, 0x0000000100000000)
  region size 1024K, 4 young (4096K), 4 survivors (4096K)
 Metaspace       used 114609K, capacity 117648K, committed 118864K, reserved 1153024K
  class space    used 14604K, capacity 15771K, committed 16256K, reserved 1048576K
}
Event: 40.052 GC heap before
{Heap before GC invocations=32 (full 0):
 garbage-first heap   total 327680K, used 256667K [0x0000000080000000, 0x0000000100000000)
  region size 1024K, 16 young (16384K), 4 survivors (4096K)
 Metaspace       used 114609K, capacity 117648K, committed 118864K, reserved 1153024K
  class space    used 14604K, capacity 15771K, committed 16256K, reserved 1048576K
}
Event: 40.065 GC heap after
{Heap after GC invocations=33 (full 0):
 garbage-first heap   total 327680K, used 241103K [0x0000000080000000, 0x0000000100000000)
  region size 1024K, 2 young (2048K), 2 survivors (2048K)
 Metaspace       used 114609K, capacity 117648K, committed 118864K, reserved 1153024K
  class space    used 14604K, capacity 15771K, committed 16256K, reserved 1048576K
}
Event: 40.211 GC heap before
{Heap before GC invocations=33 (full 0):
 garbage-first heap   total 327680K, used 281039K [0x0000000080000000, 0x0000000100000000)
  region size 1024K, 42 young (43008K), 2 survivors (2048K)
 Metaspace       used 114656K, capacity 117727K, committed 118864K, reserved 1153024K
  class space    used 14618K, capacity 15776K, committed 16256K, reserved 1048576K
}

