# JRE version: OpenJDK Runtime Environment (11.0.13) (build 11.0.13+0-b1751.21-8125866)
# Java VM: OpenJDK 64-Bit Server VM (11.0.13+0-b1751.21-8125866, mixed mode, tiered, compressed oops, g1 gc, windows-amd64)
Heap:
 garbage-first heap   total 393216K, used 242039K [0x0000000080000000, 0x0000000100000000)
  region size 1024K, 5 young (5120K), 5 survivors (5120K)
 Metaspace       used 106538K, capacity 109528K, committed 110956K, reserved 1144832K
  class space    used 13786K, capacity 14926K, committed 15564K, reserved 1048576K
GC Heap History (20 events):
Event: 30.066 GC heap after
{Heap after GC invocations=20 (full 0):
 garbage-first heap   total 327680K, used 171426K [0x0000000080000000, 0x0000000100000000)
  region size 1024K, 15 young (15360K), 15 survivors (15360K)
 Metaspace       used 101464K, capacity 104586K, committed 104812K, reserved 1140736K
  class space    used 13216K, capacity 14482K, committed 14540K, reserved 1048576K
}
Event: 30.329 GC heap before
{Heap before GC invocations=20 (full 0):
 garbage-first heap   total 327680K, used 257442K [0x0000000080000000, 0x0000000100000000)
  region size 1024K, 99 young (101376K), 15 survivors (15360K)
 Metaspace       used 102689K, capacity 105928K, committed 106092K, reserved 1140736K
  class space    used 13432K, capacity 14752K, committed 14796K, reserved 1048576K
}
Event: 30.360 GC heap after
{Heap after GC invocations=21 (full 0):
 garbage-first heap   total 327680K, used 187392K [0x0000000080000000, 0x0000000100000000)
  region size 1024K, 13 young (13312K), 13 survivors (13312K)
 Metaspace       used 102689K, capacity 105928K, committed 106092K, reserved 1140736K
  class space    used 13432K, capacity 14752K, committed 14796K, reserved 1048576K
}
Event: 30.651 GC heap before
{Heap before GC invocations=21 (full 0):
 garbage-first heap   total 327680K, used 262144K [0x0000000080000000, 0x0000000100000000)
  region size 1024K, 87 young (89088K), 13 survivors (13312K)
 Metaspace       used 103834K, capacity 107186K, committed 107372K, reserved 1142784K
  class space    used 13637K, capacity 15006K, committed 15052K, reserved 1048576K
}
Event: 30.686 GC heap after
{Heap after GC invocations=22 (full 0):
 garbage-first heap   total 327680K, used 201553K [0x0000000080000000, 0x0000000100000000)
  region size 1024K, 11 young (11264K), 11 survivors (11264K)
 Metaspace       used 103834K, capacity 107186K, committed 107372K, reserved 1142784K
  class space    used 13637K, capacity 15006K, committed 15052K, reserved 1048576K
}
Event: 31.028 GC heap before
{Heap before GC invocations=23 (full 0):
 garbage-first heap   total 327680K, used 267089K [0x0000000080000000, 0x0000000100000000)
  region size 1024K, 76 young (77824K), 11 survivors (11264K)
 Metaspace       used 104897K, capacity 108045K, committed 108652K, reserved 1142784K
  class space    used 13771K, capacity 15058K, committed 15308K, reserved 1048576K
}
Event: 31.056 GC heap after
{Heap after GC invocations=24 (full 0):
 garbage-first heap   total 327680K, used 213753K [0x0000000080000000, 0x0000000100000000)
  region size 1024K, 10 young (10240K), 10 survivors (10240K)
 Metaspace       used 104897K, capacity 108045K, committed 108652K, reserved 1142784K
  class space    used 13771K, capacity 15058K, committed 15308K, reserved 1048576K
}
Event: 31.340 GC heap before
{Heap before GC invocations=24 (full 0):
 garbage-first heap   total 327680K, used 270072K [0x0000000080000000, 0x0000000100000000)
  region size 1024K, 66 young (67584K), 10 survivors (10240K)
 Metaspace       used 105710K, capacity 108871K, committed 109292K, reserved 1142784K
  class space    used 13902K, capacity 15202K, committed 15436K, reserved 1048576K
}
Event: 31.362 GC heap after
{Heap after GC invocations=25 (full 0):
 garbage-first heap   total 327680K, used 222652K [0x0000000080000000, 0x0000000100000000)
  region size 1024K, 8 young (8192K), 8 survivors (8192K)
 Metaspace       used 105710K, capacity 108871K, committed 109292K, reserved 1142784K
  class space    used 13902K, capacity 15202K, committed 15436K, reserved 1048576K
}
Event: 31.750 GC heap before
{Heap before GC invocations=25 (full 0):
 garbage-first heap   total 327680K, used 273852K [0x0000000080000000, 0x0000000100000000)
  region size 1024K, 59 young (60416K), 8 survivors (8192K)
 Metaspace       used 106142K, capacity 109439K, committed 109804K, reserved 1144832K
  class space    used 13910K, capacity 15236K, committed 15436K, reserved 1048576K
}
Event: 31.768 GC heap after
{Heap after GC invocations=26 (full 0):
 garbage-first heap   total 327680K, used 227495K [0x0000000080000000, 0x0000000100000000)
  region size 1024K, 5 young (5120K), 5 survivors (5120K)
 Metaspace       used 106142K, capacity 109439K, committed 109804K, reserved 1144832K
  class space    used 13910K, capacity 15236K, committed 15436K, reserved 1048576K
}
Event: 31.990 GC heap before
{Heap before GC invocations=26 (full 0):
 garbage-first heap   total 327680K, used 276647K [0x0000000080000000, 0x0000000100000000)
  region size 1024K, 53 young (54272K), 5 survivors (5120K)
 Metaspace       used 105510K, capacity 108423K, committed 109804K, reserved 1144832K
  class space    used 13672K, capacity 14775K, committed 15436K, reserved 1048576K
}
Event: 32.006 GC heap after
{Heap after GC invocations=27 (full 0):
 garbage-first heap   total 327680K, used 233477K [0x0000000080000000, 0x0000000100000000)
  region size 1024K, 6 young (6144K), 6 survivors (6144K)
 Metaspace       used 105510K, capacity 108423K, committed 109804K, reserved 1144832K
  class space    used 13672K, capacity 14775K, committed 15436K, reserved 1048576K
}
Event: 32.220 GC heap before
{Heap before GC invocations=28 (full 0):
 garbage-first heap   total 327680K, used 277509K [0x0000000080000000, 0x0000000100000000)
  region size 1024K, 50 young (51200K), 6 survivors (6144K)
 Metaspace       used 105715K, capacity 108643K, committed 110060K, reserved 1144832K
  class space    used 13687K, capacity 14780K, committed 15436K, reserved 1048576K
}
Event: 32.234 GC heap after
{Heap after GC invocations=29 (full 0):
 garbage-first heap   total 327680K, used 236691K [0x0000000080000000, 0x0000000100000000)
  region size 1024K, 4 young (4096K), 4 survivors (4096K)
 Metaspace       used 105715K, capacity 108643K, committed 110060K, reserved 1144832K
  class space    used 13687K, capacity 14780K, committed 15436K, reserved 1048576K
}
Event: 32.565 GC heap before
{Heap before GC invocations=29 (full 0):
 garbage-first heap   total 327680K, used 279699K [0x0000000080000000, 0x0000000100000000)
  region size 1024K, 47 young (48128K), 4 survivors (4096K)
 Metaspace       used 105955K, capacity 108887K, committed 110316K, reserved 1144832K
  class space    used 13696K, capacity 14817K, committed 15436K, reserved 1048576K
}
Event: 32.576 GC heap after
{Heap after GC invocations=30 (full 0):
 garbage-first heap   total 327680K, used 238237K [0x0000000080000000, 0x0000000100000000)
  region size 1024K, 5 young (5120K), 5 survivors (5120K)
 Metaspace       used 105955K, capacity 108887K, committed 110316K, reserved 1144832K
  class space    used 13696K, capacity 14817K, committed 15436K, reserved 1048576K
}
Event: 32.779 GC heap before
{Heap before GC invocations=30 (full 0):
 garbage-first heap   total 327680K, used 282269K [0x0000000080000000, 0x0000000100000000)
  region size 1024K, 48 young (49152K), 5 survivors (5120K)
 Metaspace       used 106167K, capacity 109069K, committed 110316K, reserved 1144832K
  class space    used 13725K, capacity 14836K, committed 15436K, reserved 1048576K
}
Event: 32.790 GC heap after
{Heap after GC invocations=31 (full 0):
 garbage-first heap   total 327680K, used 240022K [0x0000000080000000, 0x0000000100000000)
  region size 1024K, 4 young (4096K), 4 survivors (4096K)
 Metaspace       used 106167K, capacity 109069K, committed 110316K, reserved 1144832K
  class space    used 13725K, capacity 14836K, committed 15436K, reserved 1048576K
}
Event: 33.198 GC heap before
{Heap before GC invocations=31 (full 0):
 garbage-first heap   total 327680K, used 284054K [0x0000000080000000, 0x0000000100000000)
  region size 1024K, 47 young (48128K), 4 survivors (4096K)
 Metaspace       used 106538K, capacity 109528K, committed 110956K, reserved 1144832K
  class space    used 13786K, capacity 14926K, committed 15564K, reserved 1048576K
}

